2024-09-22 23:01:55.920 [info] Uninstalling extension from the profile: drcika.apc-extension@0.4.1 vscode-userdata:/home/ivailobsu/.vscode-oss/extensions/extensions.json
2024-09-22 23:01:55.935 [info] Marked extension as uninstalled drcika.apc-extension-0.4.1-universal
2024-09-22 23:01:56.009 [error] [uncaught exception in sharedProcess]: Error: ENOENT: no such file or directory, stat '/home/ivailobsu/.vscode-oss/extensions/extensions.json.vsctmp': EntryNotFound (FileSystemError): Error: ENOENT: no such file or directory, stat '/home/ivailobsu/.vscode-oss/extensions/extensions.json.vsctmp'
    at o.create (/usr/lib/code/out/vs/code/node/sharedProcess/sharedProcessMain.js:54:19406)
    at u (/usr/lib/code/out/vs/code/node/sharedProcess/sharedProcessMain.js:54:19517)
    at $.hb (/usr/lib/code/out/vs/code/node/sharedProcess/sharedProcessMain.js:59:36674)
    at $.stat (/usr/lib/code/out/vs/code/node/sharedProcess/sharedProcessMain.js:59:29001)
    at async c.stat (/usr/lib/code/out/vs/code/node/sharedProcess/sharedProcessMain.js:59:14931)
    at async W.ub (/usr/lib/code/out/vs/code/node/sharedProcess/sharedProcessMain.js:105:120356)
2024-09-22 23:01:56.350 [info] Successfully uninstalled extension from the profile drcika.apc-extension@0.4.1 vscode-userdata:/home/ivailobsu/.vscode-oss/extensions/extensions.json
2024-09-22 23:01:59.752 [info] Getting Manifest... drcika.apc-extension
2024-09-22 23:01:59.889 [info] Installing extension: drcika.apc-extension {"isMachineScoped":false,"installPreReleaseVersion":false,"pinned":false,"profileLocation":{"$mid":1,"external":"vscode-userdata:/home/ivailobsu/.vscode-oss/extensions/extensions.json","path":"/home/ivailobsu/.vscode-oss/extensions/extensions.json","scheme":"vscode-userdata"},"installOnlyNewlyAddedFromExtensionPack":true,"isApplicationScoped":false,"productVersion":{"version":"1.93.1","date":"2024-09-13T07:34:01.258Z"}}
2024-09-22 23:01:59.925 [info] Removed the extension from uninstalled list: drcika.apc-extension
2024-09-22 23:01:59.935 [info] Extension installed successfully: drcika.apc-extension vscode-userdata:/home/ivailobsu/.vscode-oss/extensions/extensions.json
2024-09-22 23:02:00.005 [error] [uncaught exception in sharedProcess]: Error: ENOENT: no such file or directory, stat '/home/ivailobsu/.vscode-oss/extensions/extensions.json.vsctmp': EntryNotFound (FileSystemError): Error: ENOENT: no such file or directory, stat '/home/ivailobsu/.vscode-oss/extensions/extensions.json.vsctmp'
    at o.create (/usr/lib/code/out/vs/code/node/sharedProcess/sharedProcessMain.js:54:19406)
    at u (/usr/lib/code/out/vs/code/node/sharedProcess/sharedProcessMain.js:54:19517)
    at $.hb (/usr/lib/code/out/vs/code/node/sharedProcess/sharedProcessMain.js:59:36674)
    at $.stat (/usr/lib/code/out/vs/code/node/sharedProcess/sharedProcessMain.js:59:29001)
    at async c.stat (/usr/lib/code/out/vs/code/node/sharedProcess/sharedProcessMain.js:59:14931)
    at async W.ub (/usr/lib/code/out/vs/code/node/sharedProcess/sharedProcessMain.js:105:120356)
