2024-09-22 23:01:40.714 [info] [main] Log level: Info
2024-09-22 23:01:40.714 [info] [main] Validating found git in: "git"
2024-09-22 23:01:40.714 [info] [main] Using git "2.46.1" from "git"
2024-09-22 23:01:40.714 [info] [Model][doInitialScan] Initial repository scan started
2024-09-22 23:01:40.714 [info] [Model][doInitialScan] Initial repository scan completed - repositories (0), closed repositories (0), parent repositories (0), unsafe repositories (0)
2024-09-22 23:01:58.089 [info] [main] Log level: Info
2024-09-22 23:01:58.089 [info] [main] Validating found git in: "git"
2024-09-22 23:01:58.089 [info] [main] Using git "2.46.1" from "git"
2024-09-22 23:01:58.089 [info] [Model][doInitialScan] Initial repository scan started
2024-09-22 23:01:58.089 [info] [Model][doInitialScan] Initial repository scan completed - repositories (0), closed repositories (0), parent repositories (0), unsafe repositories (0)
2024-09-22 23:03:43.639 [info] [main] Log level: Info
2024-09-22 23:03:43.639 [info] [main] Validating found git in: "git"
2024-09-22 23:03:43.639 [info] [main] Using git "2.46.1" from "git"
2024-09-22 23:03:43.639 [info] [Model][doInitialScan] Initial repository scan started
2024-09-22 23:03:43.639 [info] [Model][doInitialScan] Initial repository scan completed - repositories (0), closed repositories (0), parent repositories (0), unsafe repositories (0)
2024-09-22 23:04:20.817 [info] [main] Log level: Info
2024-09-22 23:04:20.817 [info] [main] Validating found git in: "git"
2024-09-22 23:04:20.817 [info] [main] Using git "2.46.1" from "git"
2024-09-22 23:04:20.817 [info] [Model][doInitialScan] Initial repository scan started
2024-09-22 23:04:20.817 [info] [Model][doInitialScan] Initial repository scan completed - repositories (0), closed repositories (0), parent repositories (0), unsafe repositories (0)
