2024-09-22T19:15:49.123Z 0: 

----------------------------------------------
2024-09-22T19:15:49.127Z 1: Discord starting: {"releaseChannel":"stable","version":"0.0.68"}, modulepath: /home/ivailobsu/.config/discord/0.0.68/modules
2024-09-22T19:15:49.129Z 2: ✅ webContents.created web1 ""
2024-09-22T19:15:49.131Z 3: ✅ window.created win1 "discord"
2024-09-22T19:15:49.506Z 4: ✅ webContents.did-finish-load web1
2024-09-22T19:15:58.624Z 5: ✅ webContents.created web2 ""
2024-09-22T19:15:58.633Z 6: ✅ window.created win2 "Discord"
2024-09-22T19:15:59.713Z 7: ✅ webContents.did-finish-load web2
2024-09-22T19:15:59.801Z 8: window.close win1
2024-09-22T19:15:59.941Z 9: webContents.destroyed web1
2024-09-22T19:15:59.943Z 10: window.closed win1
2024-09-22T19:52:08.250Z 11: before-quit
2024-09-22T19:52:08.252Z 12: window.close win2
2024-09-22T19:52:08.349Z 13: webContents.destroyed web2
2024-09-22T19:52:12.776Z 0: 

----------------------------------------------
2024-09-22T19:52:12.782Z 1: Discord starting: {"releaseChannel":"stable","version":"0.0.68"}, modulepath: /home/ivailobsu/.config/discord/0.0.68/modules
2024-09-22T19:52:12.784Z 2: ✅ webContents.created web1 ""
2024-09-22T19:52:12.785Z 3: ✅ window.created win1 "discord"
2024-09-22T19:52:13.097Z 4: ✅ webContents.did-finish-load web1
2024-09-22T19:52:13.386Z 5: ✅ webContents.created web2 ""
2024-09-22T19:52:13.388Z 6: ✅ window.created win2 "Discord"
2024-09-22T19:52:14.896Z 7: ✅ webContents.did-finish-load web2
2024-09-22T19:52:14.990Z 8: window.close win1
2024-09-22T19:52:14.997Z 9: webContents.destroyed web1
2024-09-22T19:52:14.998Z 10: window.closed win1
2024-09-22T19:52:15.939Z 11: ✅ webContents.did-finish-load web2
2024-09-22T19:52:26.273Z 12: window.close win2
2024-09-22T20:21:56.890Z 13: before-quit
2024-09-23T14:51:47.251Z 0: 

----------------------------------------------
2024-09-23T14:51:47.263Z 1: Discord starting: {"releaseChannel":"stable","version":"0.0.68"}, modulepath: /home/ivailobsu/.config/discord/0.0.68/modules
2024-09-23T14:51:47.267Z 2: ✅ webContents.created web1 ""
2024-09-23T14:51:47.271Z 3: ✅ window.created win1 "discord"
2024-09-23T14:51:47.595Z 4: ✅ webContents.did-finish-load web1
2024-09-23T14:51:47.879Z 5: ✅ webContents.created web2 ""
2024-09-23T14:51:47.882Z 6: ✅ window.created win2 "Discord"
2024-09-23T14:51:49.226Z 7: ✅ webContents.did-finish-load web2
2024-09-23T14:51:49.325Z 8: window.close win1
2024-09-23T14:51:49.330Z 9: webContents.destroyed web1
2024-09-23T14:51:49.332Z 10: window.closed win1
2024-09-23T15:01:16.254Z 11: window.close win2
2024-09-23T15:01:18.107Z 12: before-quit
2024-09-23T15:01:18.109Z 13: window.close win2
2024-09-23T15:01:18.120Z 14: webContents.destroyed web2
2024-09-23T15:05:35.688Z 0: 

----------------------------------------------
2024-09-23T15:05:35.695Z 1: Discord starting: {"releaseChannel":"stable","version":"0.0.68"}, modulepath: /home/ivailobsu/.config/discord/0.0.68/modules
2024-09-23T15:05:35.697Z 2: ✅ webContents.created web1 ""
2024-09-23T15:05:35.698Z 3: ✅ window.created win1 "discord"
2024-09-23T15:05:35.925Z 4: ✅ webContents.did-finish-load web1
2024-09-23T15:05:36.253Z 5: ✅ webContents.created web2 ""
2024-09-23T15:05:36.255Z 6: ✅ window.created win2 "Discord"
2024-09-23T15:05:37.361Z 7: ✅ webContents.did-finish-load web2
2024-09-23T15:05:37.461Z 8: window.close win1
2024-09-23T15:05:37.466Z 9: webContents.destroyed web1
2024-09-23T15:05:37.468Z 10: window.closed win1
2024-09-23T15:05:53.193Z 11: window.close win2
2024-09-23T15:05:55.010Z 12: before-quit
2024-09-23T15:05:55.011Z 13: window.close win2
2024-09-23T15:05:55.018Z 14: webContents.destroyed web2
