2024-09-22 23:01:40.561 [info] Extension host with pid 72412 started
2024-09-22 23:01:40.645 [info] ExtensionService#_doActivateExtension vscode.git-base, startup: true, activationEvent: '*', root cause: vscode.git
2024-09-22 23:01:40.666 [info] ExtensionService#_doActivateExtension vscode.git, startup: true, activationEvent: '*'
2024-09-22 23:01:40.684 [info] ExtensionService#_doActivateExtension vscode.github, startup: true, activationEvent: '*'
2024-09-22 23:01:40.712 [info] Eager extensions activated
2024-09-22 23:01:40.734 [info] ExtensionService#_doActivateExtension vscode.debug-auto-launch, startup: false, activationEvent: 'onStartupFinished'
2024-09-22 23:01:40.735 [info] ExtensionService#_doActivateExtension vscode.merge-conflict, startup: false, activationEvent: 'onStartupFinished'
2024-09-22 23:01:40.738 [info] ExtensionService#_doActivateExtension drcika.apc-extension, startup: false, activationEvent: 'onStartupFinished'
2024-09-22 23:01:57.820 [info] Extension host terminating: renderer closed the MessagePort
2024-09-22 23:01:57.824 [info] Extension host with pid 72412 exiting with code 0
2024-09-22 23:01:58.044 [info] Extension host with pid 72539 started
2024-09-22 23:01:58.047 [info] ExtensionService#_doActivateExtension vscode.git-base, startup: true, activationEvent: '*', root cause: vscode.git
2024-09-22 23:01:58.049 [info] ExtensionService#_doActivateExtension vscode.git, startup: true, activationEvent: '*'
2024-09-22 23:01:58.062 [info] ExtensionService#_doActivateExtension vscode.github, startup: true, activationEvent: '*'
2024-09-22 23:01:58.087 [info] Eager extensions activated
2024-09-22 23:01:58.095 [info] ExtensionService#_doActivateExtension vscode.debug-auto-launch, startup: false, activationEvent: 'onStartupFinished'
2024-09-22 23:01:58.096 [info] ExtensionService#_doActivateExtension vscode.merge-conflict, startup: false, activationEvent: 'onStartupFinished'
2024-09-22 23:01:59.975 [info] ExtensionService#_doActivateExtension drcika.apc-extension, startup: false, activationEvent: 'onStartupFinished'
2024-09-22 23:03:43.366 [info] Extension host terminating: renderer closed the MessagePort
2024-09-22 23:03:43.368 [info] Extension host with pid 72539 exiting with code 0
2024-09-22 23:03:43.591 [info] Extension host with pid 73353 started
2024-09-22 23:03:43.595 [info] ExtensionService#_doActivateExtension vscode.git-base, startup: true, activationEvent: '*', root cause: vscode.git
2024-09-22 23:03:43.597 [info] ExtensionService#_doActivateExtension vscode.git, startup: true, activationEvent: '*'
2024-09-22 23:03:43.610 [info] ExtensionService#_doActivateExtension vscode.github, startup: true, activationEvent: '*'
2024-09-22 23:03:43.637 [info] Eager extensions activated
2024-09-22 23:03:43.644 [info] ExtensionService#_doActivateExtension vscode.debug-auto-launch, startup: false, activationEvent: 'onStartupFinished'
2024-09-22 23:03:43.645 [info] ExtensionService#_doActivateExtension vscode.merge-conflict, startup: false, activationEvent: 'onStartupFinished'
2024-09-22 23:03:44.541 [info] ExtensionService#_doActivateExtension drcika.apc-extension, startup: false, activationEvent: 'onStartupFinished'
2024-09-22 23:04:20.500 [info] Extension host terminating: renderer closed the MessagePort
2024-09-22 23:04:20.504 [info] Extension host with pid 73353 exiting with code 0
2024-09-22 23:04:20.772 [info] Extension host with pid 73565 started
2024-09-22 23:04:20.775 [info] ExtensionService#_doActivateExtension vscode.git-base, startup: true, activationEvent: '*', root cause: vscode.git
2024-09-22 23:04:20.777 [info] ExtensionService#_doActivateExtension vscode.git, startup: true, activationEvent: '*'
2024-09-22 23:04:20.790 [info] ExtensionService#_doActivateExtension vscode.github, startup: true, activationEvent: '*'
2024-09-22 23:04:20.816 [info] Eager extensions activated
2024-09-22 23:04:20.831 [info] ExtensionService#_doActivateExtension vscode.debug-auto-launch, startup: false, activationEvent: 'onStartupFinished'
2024-09-22 23:04:20.832 [info] ExtensionService#_doActivateExtension vscode.merge-conflict, startup: false, activationEvent: 'onStartupFinished'
2024-09-22 23:04:21.583 [info] ExtensionService#_doActivateExtension drcika.apc-extension, startup: false, activationEvent: 'onStartupFinished'
2024-09-22 23:04:21.628 [info] ExtensionService#_doActivateExtension vscode.configuration-editing, startup: false, activationEvent: 'onLanguage:jsonc'
2024-09-22 23:04:21.631 [info] ExtensionService#_doActivateExtension vscode.json-language-features, startup: false, activationEvent: 'onLanguage:jsonc'
2024-09-22 23:04:21.644 [info] ExtensionService#_doActivateExtension vscode.typescript-language-features, startup: false, activationEvent: 'onLanguage:jsonc'
2024-09-22 23:04:21.662 [info] ExtensionService#_doActivateExtension vscode.emmet, startup: false, activationEvent: 'onLanguage'
2024-09-22 23:04:23.819 [info] Extension host terminating: renderer closed the MessagePort
2024-09-22 23:04:23.824 [info] Extension host with pid 73565 exiting with code 0
