2024-09-22 23:04:40.916 [info] read schema from vscode: vscode://schemas/settings/user
2024-09-22 23:04:40.916 [info] cancelled
2024-09-22 23:04:40.919 [info] schema change detected vscode://schemas/settings/user
2024-09-22 23:04:40.923 [info] read schema from vscode: vscode://schemas/settings/user
2024-09-22 23:04:40.978 [info] read schema from vscode: vscode://schemas/settings/resourceLanguage
2024-09-22 23:04:40.978 [info] schema change detected vscode://schemas/settings/user
2024-09-22 23:04:40.985 [info] read schema from vscode: vscode://schemas/launch
2024-09-22 23:04:40.985 [info] read schema from vscode: vscode://schemas/token-styling
2024-09-22 23:04:40.985 [info] read schema from vscode: vscode://schemas/textmate-colors
2024-09-22 23:04:40.986 [info] read schema from vscode: vscode://schemas/workbench-colors
2024-09-22 23:04:41.128 [info] cancelled
2024-09-22 23:04:41.129 [info] read schema from vscode: vscode://schemas/settings/user
2024-09-22 23:04:41.524 [info] schema change detected vscode://schemas/settings/user
2024-09-22 23:04:41.525 [info] read schema from vscode: vscode://schemas/settings/user
2024-09-22 23:04:42.132 [info] schema change detected vscode://schemas/settings/user
2024-09-22 23:04:42.133 [info] read schema from vscode: vscode://schemas/settings/user
2024-09-22 23:04:45.807 [info] schema change detected vscode://schemas/launch
2024-09-22 23:04:45.808 [info] read schema from vscode: vscode://schemas/settings/user
2024-09-22 23:04:45.862 [info] read schema from vscode: vscode://schemas/launch
2024-09-22 23:05:02.002 [info] schema change detected vscode://schemas/settings/user
